# JRE version: OpenJDK Runtime Environment (8.0_282) (build 1.8.0_282-bre_2021_01_20_16_37-b00)
# Java VM: OpenJDK 64-Bit Server VM (25.282-b00 mixed mode bsd-amd64 compressed oops)
Heap:
 PSYoungGen      total 150016K, used 104951K [0x000000076ab00000, 0x0000000775080000, 0x00000007c0000000)
  eden space 139264K, 67% used [0x000000076ab00000,0x0000000770716488,0x0000000773300000)
  from space 10752K, 99% used [0x0000000774600000,0x0000000775067ae0,0x0000000775080000)
  to   space 13312K, 0% used [0x0000000773680000,0x0000000773680000,0x0000000774380000)
 ParOldGen       total 157696K, used 12301K [0x00000006c0000000, 0x00000006c9a00000, 0x000000076ab00000)
  object space 157696K, 7% used [0x00000006c0000000,0x00000006c0c03468,0x00000006c9a00000)
 Metaspace       used 44816K, capacity 47770K, committed 48000K, reserved 1091584K
  class space    used 6177K, capacity 6750K, committed 6784K, reserved 1048576K
GC Heap History (10 events):
Event: 1.273 GC heap before
{Heap before GC invocations=4 (full 1):
 PSYoungGen      total 76288K, used 65536K [0x000000076ab00000, 0x0000000774000000, 0x00000007c0000000)
  eden space 65536K, 100% used [0x000000076ab00000,0x000000076eb00000,0x000000076eb00000)
  from space 10752K, 0% used [0x000000076f580000,0x000000076f580000,0x0000000770000000)
  to   space 10752K, 0% used [0x000000076eb00000,0x000000076eb00000,0x000000076f580000)
 ParOldGen       total 107008K, used 9822K [0x00000006c0000000, 0x00000006c6880000, 0x000000076ab00000)
  object space 107008K, 9% used [0x00000006c0000000,0x00000006c0997930,0x00000006c6880000)
 Metaspace       used 25161K, capacity 26440K, committed 26496K, reserved 1073152K
  class space    used 3396K, capacity 3660K, committed 3712K, reserved 1048576K
Event: 1.276 GC heap after
Heap after GC invocations=4 (full 1):
 PSYoungGen      total 76288K, used 8267K [0x000000076ab00000, 0x0000000771d80000, 0x00000007c0000000)
  eden space 65536K, 0% used [0x000000076ab00000,0x000000076ab00000,0x000000076eb00000)
  from space 10752K, 76% used [0x000000076eb00000,0x000000076f312c18,0x000000076f580000)
  to   space 10752K, 0% used [0x0000000771300000,0x0000000771300000,0x0000000771d80000)
 ParOldGen       total 107008K, used 9830K [0x00000006c0000000, 0x00000006c6880000, 0x000000076ab00000)
  object space 107008K, 9% used [0x00000006c0000000,0x00000006c0999930,0x00000006c6880000)
 Metaspace       used 25161K, capacity 26440K, committed 26496K, reserved 1073152K
  class space    used 3396K, capacity 3660K, committed 3712K, reserved 1048576K
}
Event: 1.739 GC heap before
{Heap before GC invocations=5 (full 1):
 PSYoungGen      total 76288K, used 73803K [0x000000076ab00000, 0x0000000771d80000, 0x00000007c0000000)
  eden space 65536K, 100% used [0x000000076ab00000,0x000000076eb00000,0x000000076eb00000)
  from space 10752K, 76% used [0x000000076eb00000,0x000000076f312c18,0x000000076f580000)
  to   space 10752K, 0% used [0x0000000771300000,0x0000000771300000,0x0000000771d80000)
 ParOldGen       total 107008K, used 9830K [0x00000006c0000000, 0x00000006c6880000, 0x000000076ab00000)
  object space 107008K, 9% used [0x00000006c0000000,0x00000006c0999930,0x00000006c6880000)
 Metaspace       used 32233K, capacity 34214K, committed 34560K, reserved 1079296K
  class space    used 4394K, capacity 4763K, committed 4864K, reserved 1048576K
Event: 1.746 GC heap after
Heap after GC invocations=5 (full 1):
 PSYoungGen      total 105472K, used 10723K [0x000000076ab00000, 0x0000000771d80000, 0x00000007c0000000)
  eden space 94720K, 0% used [0x000000076ab00000,0x000000076ab00000,0x0000000770780000)
  from space 10752K, 99% used [0x0000000771300000,0x0000000771d78e60,0x0000000771d80000)
  to   space 10752K, 0% used [0x0000000770880000,0x0000000770880000,0x0000000771300000)
 ParOldGen       total 107008K, used 11533K [0x00000006c0000000, 0x00000006c6880000, 0x000000076ab00000)
  object space 107008K, 10% used [0x00000006c0000000,0x00000006c0b43538,0x00000006c6880000)
 Metaspace       used 32233K, capacity 34214K, committed 34560K, reserved 1079296K
  class space    used 4394K, capacity 4763K, committed 4864K, reserved 1048576K
}
Event: 1.825 GC heap before
{Heap before GC invocations=6 (full 1):
 PSYoungGen      total 105472K, used 20161K [0x000000076ab00000, 0x0000000771d80000, 0x00000007c0000000)
  eden space 94720K, 9% used [0x000000076ab00000,0x000000076b437638,0x0000000770780000)
  from space 10752K, 99% used [0x0000000771300000,0x0000000771d78e60,0x0000000771d80000)
  to   space 10752K, 0% used [0x0000000770880000,0x0000000770880000,0x0000000771300000)
 ParOldGen       total 107008K, used 11533K [0x00000006c0000000, 0x00000006c6880000, 0x000000076ab00000)
  object space 107008K, 10% used [0x00000006c0000000,0x00000006c0b43538,0x00000006c6880000)
 Metaspace       used 33369K, capacity 35338K, committed 35456K, reserved 1079296K
  class space    used 4568K, capacity 4935K, committed 4992K, reserved 1048576K
Event: 1.829 GC heap after
Heap after GC invocations=6 (full 1):
 PSYoungGen      total 106496K, used 8186K [0x000000076ab00000, 0x0000000775300000, 0x00000007c0000000)
  eden space 95744K, 0% used [0x000000076ab00000,0x000000076ab00000,0x0000000770880000)
  from space 10752K, 76% used [0x0000000770880000,0x000000077107eb98,0x0000000771300000)
  to   space 13312K, 0% used [0x0000000774600000,0x0000000774600000,0x0000000775300000)
 ParOldGen       total 107008K, used 11541K [0x00000006c0000000, 0x00000006c6880000, 0x000000076ab00000)
  object space 107008K, 10% used [0x00000006c0000000,0x00000006c0b45538,0x00000006c6880000)
 Metaspace       used 33369K, capacity 35338K, committed 35456K, reserved 1079296K
  class space    used 4568K, capacity 4935K, committed 4992K, reserved 1048576K
}
Event: 1.829 GC heap before
{Heap before GC invocations=7 (full 2):
 PSYoungGen      total 106496K, used 8186K [0x000000076ab00000, 0x0000000775300000, 0x00000007c0000000)
  eden space 95744K, 0% used [0x000000076ab00000,0x000000076ab00000,0x0000000770880000)
  from space 10752K, 76% used [0x0000000770880000,0x000000077107eb98,0x0000000771300000)
  to   space 13312K, 0% used [0x0000000774600000,0x0000000774600000,0x0000000775300000)
 ParOldGen       total 107008K, used 11541K [0x00000006c0000000, 0x00000006c6880000, 0x000000076ab00000)
  object space 107008K, 10% used [0x00000006c0000000,0x00000006c0b45538,0x00000006c6880000)
 Metaspace       used 33369K, capacity 35338K, committed 35456K, reserved 1079296K
  class space    used 4568K, capacity 4935K, committed 4992K, reserved 1048576K
Event: 1.856 GC heap after
Heap after GC invocations=7 (full 2):
 PSYoungGen      total 106496K, used 0K [0x000000076ab00000, 0x0000000775300000, 0x00000007c0000000)
  eden space 95744K, 0% used [0x000000076ab00000,0x000000076ab00000,0x0000000770880000)
  from space 10752K, 0% used [0x0000000770880000,0x0000000770880000,0x0000000771300000)
  to   space 13312K, 0% used [0x0000000774600000,0x0000000774600000,0x0000000775300000)
 ParOldGen       total 157696K, used 12293K [0x00000006c0000000, 0x00000006c9a00000, 0x000000076ab00000)
  object space 157696K, 7% used [0x00000006c0000000,0x00000006c0c01468,0x00000006c9a00000)
 Metaspace       used 33369K, capacity 35338K, committed 35456K, reserved 1079296K
  class space    used 4568K, capacity 4935K, committed 4992K, reserved 1048576K
}
Event: 7.622 GC heap before
{Heap before GC invocations=8 (full 2):
 PSYoungGen      total 106496K, used 87287K [0x000000076ab00000, 0x0000000775300000, 0x00000007c0000000)
  eden space 95744K, 91% used [0x000000076ab00000,0x000000077003dcb8,0x0000000770880000)
  from space 10752K, 0% used [0x0000000770880000,0x0000000770880000,0x0000000771300000)
  to   space 13312K, 0% used [0x0000000774600000,0x0000000774600000,0x0000000775300000)
 ParOldGen       total 157696K, used 12293K [0x00000006c0000000, 0x00000006c9a00000, 0x000000076ab00000)
  object space 157696K, 7% used [0x00000006c0000000,0x00000006c0c01468,0x00000006c9a00000)
 Metaspace       used 43225K, capacity 45862K, committed 45952K, reserved 1089536K
  class space    used 5957K, capacity 6482K, committed 6528K, reserved 1048576K
Event: 7.630 GC heap after
Heap after GC invocations=8 (full 2):
 PSYoungGen      total 150016K, used 10654K [0x000000076ab00000, 0x0000000775080000, 0x00000007c0000000)
  eden space 139264K, 0% used [0x000000076ab00000,0x000000076ab00000,0x0000000773300000)
  from space 10752K, 99% used [0x0000000774600000,0x0000000775067ae0,0x0000000775080000)
  to   space 13312K, 0% used [0x0000000773680000,0x0000000773680000,0x0000000774380000)
 ParOldGen       total 157696K, used 12301K [0x00000006c0000000, 0x00000006c9a00000, 0x000000076ab00000)
  object space 157696K, 7% used [0x00000006c0000000,0x00000006c0c03468,0x00000006c9a00000)
 Metaspace       used 43225K, capacity 45862K, committed 45952K, reserved 1089536K
  class space    used 5957K, capacity 6482K, committed 6528K, reserved 1048576K
}

