# JRE version: OpenJDK Runtime Environment (8.0_282) (build 1.8.0_282-bre_2021_01_20_16_37-b00)
# Java VM: OpenJDK 64-Bit Server VM (25.282-b00 mixed mode bsd-amd64 compressed oops)
Heap:
 PSYoungGen      total 145408K, used 105200K [0x000000076ab00000, 0x0000000774b80000, 0x00000007c0000000)
  eden space 134656K, 70% used [0x000000076ab00000,0x0000000770770450,0x0000000772e80000)
  from space 10752K, 98% used [0x0000000774100000,0x0000000774b4bcf8,0x0000000774b80000)
  to   space 13312K, 0% used [0x0000000773180000,0x0000000773180000,0x0000000773e80000)
 ParOldGen       total 162304K, used 12433K [0x00000006c0000000, 0x00000006c9e80000, 0x000000076ab00000)
  object space 162304K, 7% used [0x00000006c0000000,0x00000006c0c24488,0x00000006c9e80000)
 Metaspace       used 44819K, capacity 47760K, committed 48000K, reserved 1091584K
  class space    used 6177K, capacity 6749K, committed 6784K, reserved 1048576K
GC Heap History (10 events):
Event: 1.289 GC heap before
{Heap before GC invocations=4 (full 1):
 PSYoungGen      total 76288K, used 65536K [0x000000076ab00000, 0x0000000774000000, 0x00000007c0000000)
  eden space 65536K, 100% used [0x000000076ab00000,0x000000076eb00000,0x000000076eb00000)
  from space 10752K, 0% used [0x000000076f580000,0x000000076f580000,0x0000000770000000)
  to   space 10752K, 0% used [0x000000076eb00000,0x000000076eb00000,0x000000076f580000)
 ParOldGen       total 108032K, used 9836K [0x00000006c0000000, 0x00000006c6980000, 0x000000076ab00000)
  object space 108032K, 9% used [0x00000006c0000000,0x00000006c099b120,0x00000006c6980000)
 Metaspace       used 25133K, capacity 26398K, committed 26496K, reserved 1073152K
  class space    used 3388K, capacity 3651K, committed 3712K, reserved 1048576K
Event: 1.292 GC heap after
Heap after GC invocations=4 (full 1):
 PSYoungGen      total 76288K, used 8225K [0x000000076ab00000, 0x0000000771c80000, 0x00000007c0000000)
  eden space 65536K, 0% used [0x000000076ab00000,0x000000076ab00000,0x000000076eb00000)
  from space 10752K, 76% used [0x000000076eb00000,0x000000076f308760,0x000000076f580000)
  to   space 10752K, 0% used [0x0000000771200000,0x0000000771200000,0x0000000771c80000)
 ParOldGen       total 108032K, used 9844K [0x00000006c0000000, 0x00000006c6980000, 0x000000076ab00000)
  object space 108032K, 9% used [0x00000006c0000000,0x00000006c099d120,0x00000006c6980000)
 Metaspace       used 25133K, capacity 26398K, committed 26496K, reserved 1073152K
  class space    used 3388K, capacity 3651K, committed 3712K, reserved 1048576K
}
Event: 1.763 GC heap before
{Heap before GC invocations=5 (full 1):
 PSYoungGen      total 76288K, used 73761K [0x000000076ab00000, 0x0000000771c80000, 0x00000007c0000000)
  eden space 65536K, 100% used [0x000000076ab00000,0x000000076eb00000,0x000000076eb00000)
  from space 10752K, 76% used [0x000000076eb00000,0x000000076f308760,0x000000076f580000)
  to   space 10752K, 0% used [0x0000000771200000,0x0000000771200000,0x0000000771c80000)
 ParOldGen       total 108032K, used 9844K [0x00000006c0000000, 0x00000006c6980000, 0x000000076ab00000)
  object space 108032K, 9% used [0x00000006c0000000,0x00000006c099d120,0x00000006c6980000)
 Metaspace       used 32210K, capacity 34146K, committed 34304K, reserved 1079296K
  class space    used 4386K, capacity 4763K, committed 4864K, reserved 1048576K
Event: 1.770 GC heap after
Heap after GC invocations=5 (full 1):
 PSYoungGen      total 104448K, used 10725K [0x000000076ab00000, 0x0000000771c80000, 0x00000007c0000000)
  eden space 93696K, 0% used [0x000000076ab00000,0x000000076ab00000,0x0000000770680000)
  from space 10752K, 99% used [0x0000000771200000,0x0000000771c79400,0x0000000771c80000)
  to   space 10752K, 0% used [0x0000000770780000,0x0000000770780000,0x0000000771200000)
 ParOldGen       total 108032K, used 11484K [0x00000006c0000000, 0x00000006c6980000, 0x000000076ab00000)
  object space 108032K, 10% used [0x00000006c0000000,0x00000006c0b37320,0x00000006c6980000)
 Metaspace       used 32210K, capacity 34146K, committed 34304K, reserved 1079296K
  class space    used 4386K, capacity 4763K, committed 4864K, reserved 1048576K
}
Event: 1.868 GC heap before
{Heap before GC invocations=6 (full 1):
 PSYoungGen      total 104448K, used 21609K [0x000000076ab00000, 0x0000000771c80000, 0x00000007c0000000)
  eden space 93696K, 11% used [0x000000076ab00000,0x000000076b5a1050,0x0000000770680000)
  from space 10752K, 99% used [0x0000000771200000,0x0000000771c79400,0x0000000771c80000)
  to   space 10752K, 0% used [0x0000000770780000,0x0000000770780000,0x0000000771200000)
 ParOldGen       total 108032K, used 11484K [0x00000006c0000000, 0x00000006c6980000, 0x000000076ab00000)
  object space 108032K, 10% used [0x00000006c0000000,0x00000006c0b37320,0x00000006c6980000)
 Metaspace       used 33470K, capacity 35430K, committed 35496K, reserved 1079296K
  class space    used 4580K, capacity 4943K, committed 4992K, reserved 1048576K
Event: 1.872 GC heap after
Heap after GC invocations=6 (full 1):
 PSYoungGen      total 105472K, used 8294K [0x000000076ab00000, 0x0000000774e00000, 0x00000007c0000000)
  eden space 94720K, 0% used [0x000000076ab00000,0x000000076ab00000,0x0000000770780000)
  from space 10752K, 77% used [0x0000000770780000,0x0000000770f99b88,0x0000000771200000)
  to   space 13312K, 0% used [0x0000000774100000,0x0000000774100000,0x0000000774e00000)
 ParOldGen       total 108032K, used 11492K [0x00000006c0000000, 0x00000006c6980000, 0x000000076ab00000)
  object space 108032K, 10% used [0x00000006c0000000,0x00000006c0b39320,0x00000006c6980000)
 Metaspace       used 33470K, capacity 35430K, committed 35496K, reserved 1079296K
  class space    used 4580K, capacity 4943K, committed 4992K, reserved 1048576K
}
Event: 1.872 GC heap before
{Heap before GC invocations=7 (full 2):
 PSYoungGen      total 105472K, used 8294K [0x000000076ab00000, 0x0000000774e00000, 0x00000007c0000000)
  eden space 94720K, 0% used [0x000000076ab00000,0x000000076ab00000,0x0000000770780000)
  from space 10752K, 77% used [0x0000000770780000,0x0000000770f99b88,0x0000000771200000)
  to   space 13312K, 0% used [0x0000000774100000,0x0000000774100000,0x0000000774e00000)
 ParOldGen       total 108032K, used 11492K [0x00000006c0000000, 0x00000006c6980000, 0x000000076ab00000)
  object space 108032K, 10% used [0x00000006c0000000,0x00000006c0b39320,0x00000006c6980000)
 Metaspace       used 33470K, capacity 35430K, committed 35496K, reserved 1079296K
  class space    used 4580K, capacity 4943K, committed 4992K, reserved 1048576K
Event: 1.900 GC heap after
Heap after GC invocations=7 (full 2):
 PSYoungGen      total 105472K, used 0K [0x000000076ab00000, 0x0000000774e00000, 0x00000007c0000000)
  eden space 94720K, 0% used [0x000000076ab00000,0x000000076ab00000,0x0000000770780000)
  from space 10752K, 0% used [0x0000000770780000,0x0000000770780000,0x0000000771200000)
  to   space 13312K, 0% used [0x0000000774100000,0x0000000774100000,0x0000000774e00000)
 ParOldGen       total 162304K, used 12425K [0x00000006c0000000, 0x00000006c9e80000, 0x000000076ab00000)
  object space 162304K, 7% used [0x00000006c0000000,0x00000006c0c22488,0x00000006c9e80000)
 Metaspace       used 33470K, capacity 35430K, committed 35496K, reserved 1079296K
  class space    used 4580K, capacity 4943K, committed 4992K, reserved 1048576K
}
Event: 8.871 GC heap before
{Heap before GC invocations=8 (full 2):
 PSYoungGen      total 105472K, used 86198K [0x000000076ab00000, 0x0000000774e00000, 0x00000007c0000000)
  eden space 94720K, 91% used [0x000000076ab00000,0x000000076ff2dbc8,0x0000000770780000)
  from space 10752K, 0% used [0x0000000770780000,0x0000000770780000,0x0000000771200000)
  to   space 13312K, 0% used [0x0000000774100000,0x0000000774100000,0x0000000774e00000)
 ParOldGen       total 162304K, used 12425K [0x00000006c0000000, 0x00000006c9e80000, 0x000000076ab00000)
  object space 162304K, 7% used [0x00000006c0000000,0x00000006c0c22488,0x00000006c9e80000)
 Metaspace       used 43234K, capacity 45916K, committed 46208K, reserved 1089536K
  class space    used 5956K, capacity 6479K, committed 6528K, reserved 1048576K
Event: 8.879 GC heap after
Heap after GC invocations=8 (full 2):
 PSYoungGen      total 145408K, used 10543K [0x000000076ab00000, 0x0000000774b80000, 0x00000007c0000000)
  eden space 134656K, 0% used [0x000000076ab00000,0x000000076ab00000,0x0000000772e80000)
  from space 10752K, 98% used [0x0000000774100000,0x0000000774b4bcf8,0x0000000774b80000)
  to   space 13312K, 0% used [0x0000000773180000,0x0000000773180000,0x0000000773e80000)
 ParOldGen       total 162304K, used 12433K [0x00000006c0000000, 0x00000006c9e80000, 0x000000076ab00000)
  object space 162304K, 7% used [0x00000006c0000000,0x00000006c0c24488,0x00000006c9e80000)
 Metaspace       used 43234K, capacity 45916K, committed 46208K, reserved 1089536K
  class space    used 5956K, capacity 6479K, committed 6528K, reserved 1048576K
}

