# JRE version: OpenJDK Runtime Environment (8.0_282) (build 1.8.0_282-bre_2021_01_20_16_37-b00)
# Java VM: OpenJDK 64-Bit Server VM (25.282-b00 mixed mode bsd-amd64 compressed oops)
Heap:
 PSYoungGen      total 137216K, used 81144K [0x000000076ab00000, 0x0000000777100000, 0x00000007c0000000)
  eden space 130560K, 57% used [0x000000076ab00000,0x000000076f3bef60,0x0000000772a80000)
  from space 6656K, 99% used [0x0000000772a80000,0x00000007730ff338,0x0000000773100000)
  to   space 15360K, 0% used [0x0000000776200000,0x0000000776200000,0x0000000777100000)
 ParOldGen       total 107008K, used 35047K [0x00000006c0000000, 0x00000006c6880000, 0x000000076ab00000)
  object space 107008K, 32% used [0x00000006c0000000,0x00000006c2239c68,0x00000006c6880000)
 Metaspace       used 47251K, capacity 51350K, committed 51456K, reserved 1093632K
  class space    used 6601K, capacity 7347K, committed 7424K, reserved 1048576K
GC Heap History (10 events):
Event: 1264.521 GC heap before
{Heap before GC invocations=61 (full 28):
 PSYoungGen      total 136704K, used 72909K [0x000000076ab00000, 0x0000000773780000, 0x00000007c0000000)
  eden space 130560K, 55% used [0x000000076ab00000,0x000000076f2336c0,0x0000000772a80000)
  from space 6144K, 0% used [0x0000000773180000,0x0000000773180000,0x0000000773780000)
  to   space 6656K, 0% used [0x0000000772a80000,0x0000000772a80000,0x0000000773100000)
 ParOldGen       total 107008K, used 13921K [0x00000006c0000000, 0x00000006c6880000, 0x000000076ab00000)
  object space 107008K, 13% used [0x00000006c0000000,0x00000006c0d98560,0x00000006c6880000)
 Metaspace       used 38067K, capacity 41584K, committed 41856K, reserved 1085440K
  class space    used 5322K, capacity 5971K, committed 6016K, reserved 1048576K
Event: 1264.524 GC heap after
Heap after GC invocations=61 (full 28):
 PSYoungGen      total 137216K, used 4570K [0x000000076ab00000, 0x0000000773880000, 0x00000007c0000000)
  eden space 130560K, 0% used [0x000000076ab00000,0x000000076ab00000,0x0000000772a80000)
  from space 6656K, 68% used [0x0000000772a80000,0x0000000772ef6928,0x0000000773100000)
  to   space 7168K, 0% used [0x0000000773180000,0x0000000773180000,0x0000000773880000)
 ParOldGen       total 107008K, used 13929K [0x00000006c0000000, 0x00000006c6880000, 0x000000076ab00000)
  object space 107008K, 13% used [0x00000006c0000000,0x00000006c0d9a560,0x00000006c6880000)
 Metaspace       used 38067K, capacity 41584K, committed 41856K, reserved 1085440K
  class space    used 5322K, capacity 5971K, committed 6016K, reserved 1048576K
}
Event: 1264.525 GC heap before
{Heap before GC invocations=62 (full 29):
 PSYoungGen      total 137216K, used 4570K [0x000000076ab00000, 0x0000000773880000, 0x00000007c0000000)
  eden space 130560K, 0% used [0x000000076ab00000,0x000000076ab00000,0x0000000772a80000)
  from space 6656K, 68% used [0x0000000772a80000,0x0000000772ef6928,0x0000000773100000)
  to   space 7168K, 0% used [0x0000000773180000,0x0000000773180000,0x0000000773880000)
 ParOldGen       total 107008K, used 13929K [0x00000006c0000000, 0x00000006c6880000, 0x000000076ab00000)
  object space 107008K, 13% used [0x00000006c0000000,0x00000006c0d9a560,0x00000006c6880000)
 Metaspace       used 38067K, capacity 41584K, committed 41856K, reserved 1085440K
  class space    used 5322K, capacity 5971K, committed 6016K, reserved 1048576K
Event: 1264.614 GC heap after
Heap after GC invocations=62 (full 29):
 PSYoungGen      total 137216K, used 0K [0x000000076ab00000, 0x0000000773880000, 0x00000007c0000000)
  eden space 130560K, 0% used [0x000000076ab00000,0x000000076ab00000,0x0000000772a80000)
  from space 6656K, 0% used [0x0000000772a80000,0x0000000772a80000,0x0000000773100000)
  to   space 7168K, 0% used [0x0000000773180000,0x0000000773180000,0x0000000773880000)
 ParOldGen       total 107008K, used 15626K [0x00000006c0000000, 0x00000006c6880000, 0x000000076ab00000)
  object space 107008K, 14% used [0x00000006c0000000,0x00000006c0f428d8,0x00000006c6880000)
 Metaspace       used 38065K, capacity 41578K, committed 41856K, reserved 1085440K
  class space    used 5321K, capacity 5969K, committed 6016K, reserved 1048576K
}
Event: 1334.669 GC heap before
{Heap before GC invocations=63 (full 29):
 PSYoungGen      total 137216K, used 61375K [0x000000076ab00000, 0x0000000773880000, 0x00000007c0000000)
  eden space 130560K, 47% used [0x000000076ab00000,0x000000076e6efd20,0x0000000772a80000)
  from space 6656K, 0% used [0x0000000772a80000,0x0000000772a80000,0x0000000773100000)
  to   space 7168K, 0% used [0x0000000773180000,0x0000000773180000,0x0000000773880000)
 ParOldGen       total 107008K, used 15626K [0x00000006c0000000, 0x00000006c6880000, 0x000000076ab00000)
  object space 107008K, 14% used [0x00000006c0000000,0x00000006c0f428d8,0x00000006c6880000)
 Metaspace       used 38121K, capacity 41666K, committed 41856K, reserved 1085440K
  class space    used 5330K, capacity 5976K, committed 6016K, reserved 1048576K
Event: 1334.672 GC heap after
Heap after GC invocations=63 (full 29):
 PSYoungGen      total 136704K, used 2925K [0x000000076ab00000, 0x0000000773780000, 0x00000007c0000000)
  eden space 130560K, 0% used [0x000000076ab00000,0x000000076ab00000,0x0000000772a80000)
  from space 6144K, 47% used [0x0000000773180000,0x000000077345b770,0x0000000773780000)
  to   space 6656K, 0% used [0x0000000772a80000,0x0000000772a80000,0x0000000773100000)
 ParOldGen       total 107008K, used 15634K [0x00000006c0000000, 0x00000006c6880000, 0x000000076ab00000)
  object space 107008K, 14% used [0x00000006c0000000,0x00000006c0f448d8,0x00000006c6880000)
 Metaspace       used 38121K, capacity 41666K, committed 41856K, reserved 1085440K
  class space    used 5330K, capacity 5976K, committed 6016K, reserved 1048576K
}
Event: 1334.672 GC heap before
{Heap before GC invocations=64 (full 30):
 PSYoungGen      total 136704K, used 2925K [0x000000076ab00000, 0x0000000773780000, 0x00000007c0000000)
  eden space 130560K, 0% used [0x000000076ab00000,0x000000076ab00000,0x0000000772a80000)
  from space 6144K, 47% used [0x0000000773180000,0x000000077345b770,0x0000000773780000)
  to   space 6656K, 0% used [0x0000000772a80000,0x0000000772a80000,0x0000000773100000)
 ParOldGen       total 107008K, used 15634K [0x00000006c0000000, 0x00000006c6880000, 0x000000076ab00000)
  object space 107008K, 14% used [0x00000006c0000000,0x00000006c0f448d8,0x00000006c6880000)
 Metaspace       used 38121K, capacity 41666K, committed 41856K, reserved 1085440K
  class space    used 5330K, capacity 5976K, committed 6016K, reserved 1048576K
Event: 1334.740 GC heap after
Heap after GC invocations=64 (full 30):
 PSYoungGen      total 136704K, used 0K [0x000000076ab00000, 0x0000000773780000, 0x00000007c0000000)
  eden space 130560K, 0% used [0x000000076ab00000,0x000000076ab00000,0x0000000772a80000)
  from space 6144K, 0% used [0x0000000773180000,0x0000000773180000,0x0000000773780000)
  to   space 6656K, 0% used [0x0000000772a80000,0x0000000772a80000,0x0000000773100000)
 ParOldGen       total 107008K, used 14467K [0x00000006c0000000, 0x00000006c6880000, 0x000000076ab00000)
  object space 107008K, 13% used [0x00000006c0000000,0x00000006c0e20ef0,0x00000006c6880000)
 Metaspace       used 38119K, capacity 41660K, committed 41856K, reserved 1085440K
  class space    used 5330K, capacity 5974K, committed 6016K, reserved 1048576K
}
Event: 1351.420 GC heap before
{Heap before GC invocations=65 (full 30):
 PSYoungGen      total 136704K, used 117257K [0x000000076ab00000, 0x0000000773780000, 0x00000007c0000000)
  eden space 130560K, 89% used [0x000000076ab00000,0x0000000771d827a0,0x0000000772a80000)
  from space 6144K, 0% used [0x0000000773180000,0x0000000773180000,0x0000000773780000)
  to   space 6656K, 0% used [0x0000000772a80000,0x0000000772a80000,0x0000000773100000)
 ParOldGen       total 107008K, used 14467K [0x00000006c0000000, 0x00000006c6880000, 0x000000076ab00000)
  object space 107008K, 13% used [0x00000006c0000000,0x00000006c0e20ef0,0x00000006c6880000)
 Metaspace       used 45683K, capacity 49466K, committed 49664K, reserved 1091584K
  class space    used 6382K, capacity 7081K, committed 7168K, reserved 1048576K
Event: 1351.435 GC heap after
Heap after GC invocations=65 (full 30):
 PSYoungGen      total 137216K, used 6652K [0x000000076ab00000, 0x0000000777100000, 0x00000007c0000000)
  eden space 130560K, 0% used [0x000000076ab00000,0x000000076ab00000,0x0000000772a80000)
  from space 6656K, 99% used [0x0000000772a80000,0x00000007730ff338,0x0000000773100000)
  to   space 15360K, 0% used [0x0000000776200000,0x0000000776200000,0x0000000777100000)
 ParOldGen       total 107008K, used 35047K [0x00000006c0000000, 0x00000006c6880000, 0x000000076ab00000)
  object space 107008K, 32% used [0x00000006c0000000,0x00000006c2239c68,0x00000006c6880000)
 Metaspace       used 45683K, capacity 49466K, committed 49664K, reserved 1091584K
  class space    used 6382K, capacity 7081K, committed 7168K, reserved 1048576K
}

